<?xml version="1.0" encoding="UTF-8"?>
<!-- Generated by org.testng.reporters.JUnitReportReporter -->
<testsuite skipped="0" hostname="Dell" name="Script.Testcase6" tests="1" failures="0" timestamp="26 Jun 2018 06:00:59 GMT" time="37.951" errors="0">
  <testcase name="test6" time="37.951" classname="Script.Testcase6"/>
</testsuite> <!-- Script.Testcase6 -->
