<?xml version="1.0" encoding="UTF-8"?>
<!-- Generated by org.testng.reporters.JUnitReportReporter -->
<testsuite skipped="0" hostname="Dell" name="Script.Testcase4$Testcase1" tests="1" failures="0" timestamp="26 Jun 2018 06:00:59 GMT" time="60.756" errors="0">
  <testcase name="test1" time="60.756" classname="Script.Testcase4$Testcase1"/>
</testsuite> <!-- Script.Testcase4$Testcase1 -->
