<?xml version="1.0" encoding="UTF-8"?>
<!-- Generated by org.testng.reporters.JUnitReportReporter -->
<testsuite skipped="0" hostname="Dell" name="Script.ApplyCouponScript" tests="1" failures="0" timestamp="26 Jun 2018 06:00:59 GMT" time="40.581" errors="0">
  <testcase name="coupon" time="40.581" classname="Script.ApplyCouponScript"/>
</testsuite> <!-- Script.ApplyCouponScript -->
