<?xml version="1.0" encoding="UTF-8"?>
<!-- Generated by org.testng.reporters.JUnitReportReporter -->
<testsuite skipped="0" hostname="Dell" name="Script.Testcase7" tests="1" failures="0" timestamp="26 Jun 2018 06:00:59 GMT" time="36.921" errors="0">
  <testcase name="test7" time="36.921" classname="Script.Testcase7"/>
</testsuite> <!-- Script.Testcase7 -->
