<?xml version="1.0" encoding="UTF-8"?>
<!-- Generated by org.testng.reporters.JUnitReportReporter -->
<testsuite skipped="0" hostname="Dell" name="Script.Testcase3" tests="1" failures="0" timestamp="26 Jun 2018 06:00:59 GMT" time="44.263" errors="0">
  <testcase name="test2" time="44.263" classname="Script.Testcase3"/>
</testsuite> <!-- Script.Testcase3 -->
