<?xml version="1.0" encoding="UTF-8"?>
<!-- Generated by org.testng.reporters.JUnitReportReporter -->
<testsuite skipped="0" hostname="Dell" name="Script.Testcase8" tests="1" failures="0" timestamp="26 Jun 2018 06:00:59 GMT" time="44.056" errors="0">
  <testcase name="test8" time="44.056" classname="Script.Testcase8"/>
</testsuite> <!-- Script.Testcase8 -->
