<?xml version="1.0" encoding="UTF-8"?>
<!-- Generated by org.testng.reporters.JUnitReportReporter -->
<testsuite skipped="0" hostname="Dell" name="Script.Testcase1" tests="1" failures="0" timestamp="26 Jun 2018 06:00:59 GMT" time="37.569" errors="0">
  <testcase name="test1" time="37.569" classname="Script.Testcase1"/>
</testsuite> <!-- Script.Testcase1 -->
